<?xml version="1.0" encoding="UTF-8"?>
<!-- Generated by org.testng.reporters.JUnitReportReporter -->
<testsuite hostname="mintifi-Lenovo-V14-G2-ITL-Ua" failures="0" tests="1" name="Com.DataProvider.ReadExcel" time="0.636" errors="0" timestamp="2023-08-07T12:38:03 IST" skipped="0">
  <testcase classname="Com.DataProvider.ReadExcel" name="readExcel" time="0.636"/>
  <system-out/>
</testsuite> <!-- Com.DataProvider.ReadExcel -->
