<?xml version="1.0" encoding="UTF-8"?>
<!-- Generated by org.testng.reporters.JUnitReportReporter -->
<testsuite hostname="mintifi-Lenovo-V14-G2-ITL-Ua" failures="0" tests="1" name="Com.PageObjectTest.FundYourInvoicePageTest" time="112.681" errors="0" timestamp="2023-07-17T12:55:16 IST" skipped="0">
  <testcase classname="Com.PageObjectTest.FundYourInvoicePageTest" name="VerifyGetFundText" time="112.681"/>
  <system-out/>
</testsuite> <!-- Com.PageObjectTest.FundYourInvoicePageTest -->
