<?xml version="1.0" encoding="UTF-8"?>
<!-- Generated by org.testng.reporters.JUnitReportReporter -->
<testsuite hostname="mintifi-Lenovo-V14-G2-ITL-Ua" failures="0" tests="1" name="Com.WriteExcelTest.WriteExcelTest" time="0.584" errors="0" timestamp="2023-08-07T18:12:19 IST" skipped="0">
  <testcase classname="Com.WriteExcelTest.WriteExcelTest" name="writeExcel1" time="0.584"/>
  <system-out/>
</testsuite> <!-- Com.WriteExcelTest.WriteExcelTest -->
